<?xml version="1.0" encoding="UTF-8"?>
<!-- Generated by org.testng.reporters.JUnitXMLReporter -->
<testsuite hostname="Balu" ignored="2" name="Test(failed)" tests="2" failures="1" timestamp="26 Dec 2019 09:05:47 GMT" time="76.401" errors="0">
  <testcase name="vidiogallery" time="24.774" classname="Academy.VideoGallery_Test"/>
  <testcase name="viewCourse" time="20.353" classname="Academy.ValidateTitle">
    <failure type="org.openqa.selenium.TimeoutException" message="Expected condition failed: waiting for visibility of element located by By.cssSelector: [class=&amp;apos;text-center&amp;apos;] a (tried for 20 second(s) with 500 milliseconds interval)
Build info: version: &amp;apos;3.141.59&amp;apos;, revision: &amp;apos;e82be7d358&amp;apos;, time: &amp;apos;2018-11-14T08:17:03&amp;apos;
System info: host: &amp;apos;BALU&amp;apos;, ip: &amp;apos;172.18.123.99&amp;apos;, os.name: &amp;apos;Windows 8.1&amp;apos;, os.arch: &amp;apos;amd64&amp;apos;, os.version: &amp;apos;6.3&amp;apos;, java.version: &amp;apos;1.8.0_231&amp;apos;
Driver info: org.openqa.selenium.chrome.ChromeDriver
Capabilities {acceptInsecureCerts: false, browserName: chrome, browserVersion: 79.0.3945.88, chrome: {chromedriverVersion: 79.0.3945.36 (3582db32b3389..., userDataDir: C:\Users\Talaneru\AppData\L...}, goog:chromeOptions: {debuggerAddress: localhost:55597}, javascriptEnabled: true, networkConnectionEnabled: false, pageLoadStrategy: normal, platform: WINDOWS, platformName: WINDOWS, proxy: Proxy(), setWindowRect: true, strictFileInteractability: false, timeouts: {implicit: 0, pageLoad: 300000, script: 30000}, unhandledPromptBehavior: dismiss and notify}
Session ID: c76e8f6b8c1a2cada3cc78b7bc628c76">
      <![CDATA[org.openqa.selenium.TimeoutException: Expected condition failed: waiting for visibility of element located by By.cssSelector: [class='text-center'] a (tried for 20 second(s) with 500 milliseconds interval)
Build info: version: '3.141.59', revision: 'e82be7d358', time: '2018-11-14T08:17:03'
System info: host: 'BALU', ip: '172.18.123.99', os.name: 'Windows 8.1', os.arch: 'amd64', os.version: '6.3', java.version: '1.8.0_231'
Driver info: org.openqa.selenium.chrome.ChromeDriver
Capabilities {acceptInsecureCerts: false, browserName: chrome, browserVersion: 79.0.3945.88, chrome: {chromedriverVersion: 79.0.3945.36 (3582db32b3389..., userDataDir: C:\Users\Talaneru\AppData\L...}, goog:chromeOptions: {debuggerAddress: localhost:55597}, javascriptEnabled: true, networkConnectionEnabled: false, pageLoadStrategy: normal, platform: WINDOWS, platformName: WINDOWS, proxy: Proxy(), setWindowRect: true, strictFileInteractability: false, timeouts: {implicit: 0, pageLoad: 300000, script: 30000}, unhandledPromptBehavior: dismiss and notify}
Session ID: c76e8f6b8c1a2cada3cc78b7bc628c76
at org.openqa.selenium.support.ui.WebDriverWait.timeoutException(WebDriverWait.java:95)
at org.openqa.selenium.support.ui.FluentWait.until(FluentWait.java:272)
at Academy.ValidateTitle.viewCourse(ValidateTitle.java:50)
... Removed 25 stack frames]]>
    </failure>
  </testcase> <!-- viewCourse -->
  <testcase name="navigationHomepage" time="0.0" classname="Academy.ValidateTitle">
    <ignored/>
  </testcase> <!-- navigationHomepage -->
  <testcase name="videos" time="0.0" classname="Academy.ValidateTitle">
    <ignored/>
  </testcase> <!-- videos -->
</testsuite> <!-- Test(failed) -->
