<?xml version="1.0" encoding="UTF-8"?>
<testng-results skipped="0" failed="2" ignored="0" total="6" passed="4">
  <reporter-output>
  </reporter-output>
  <suite name="Suite" duration-ms="167860" started-at="2019-12-28T11:02:01Z" finished-at="2019-12-28T11:04:49Z">
    <groups>
    </groups>
    <test name="Login Validation" duration-ms="82481" started-at="2019-12-28T11:02:01Z" finished-at="2019-12-28T11:03:24Z">
      <class name="Academy.HomePage">
        <test-method status="PASS" signature="intialize()[pri:0, instance:Academy.HomePage@63355449]" name="intialize" is-config="true" duration-ms="13647" started-at="2019-12-28T11:02:01Z" finished-at="2019-12-28T11:02:15Z">
          <reporter-output>
          </reporter-output>
        </test-method> <!-- intialize -->
        <test-method status="PASS" signature="navigationHomepage(java.lang.String, java.lang.String)[pri:0, instance:Academy.HomePage@63355449]" name="navigationHomepage" duration-ms="29933" started-at="2019-12-28T11:02:15Z" data-provider="getdata" finished-at="2019-12-28T11:02:45Z">
          <params>
            <param index="0">
              <value>
                <![CDATA[abc@gmail.com]]>
              </value>
            </param>
            <param index="1">
              <value>
                <![CDATA[65656]]>
              </value>
            </param>
          </params>
          <reporter-output>
          </reporter-output>
        </test-method> <!-- navigationHomepage -->
        <test-method status="PASS" signature="navigationHomepage(java.lang.String, java.lang.String)[pri:0, instance:Academy.HomePage@63355449]" name="navigationHomepage" duration-ms="22241" started-at="2019-12-28T11:02:45Z" data-provider="getdata" finished-at="2019-12-28T11:03:07Z">
          <params>
            <param index="0">
              <value>
                <![CDATA[dsgvsgabc@gmail.com]]>
              </value>
            </param>
            <param index="1">
              <value>
                <![CDATA[38o2ky]]>
              </value>
            </param>
          </params>
          <reporter-output>
          </reporter-output>
        </test-method> <!-- navigationHomepage -->
        <test-method status="PASS" signature="navigationHomepage(java.lang.String, java.lang.String)[pri:0, instance:Academy.HomePage@63355449]" name="navigationHomepage" duration-ms="16375" started-at="2019-12-28T11:03:07Z" data-provider="getdata" finished-at="2019-12-28T11:03:24Z">
          <params>
            <param index="0">
              <value>
                <![CDATA[hkdjabashoc@gmail.com]]>
              </value>
            </param>
            <param index="1">
              <value>
                <![CDATA[ihiw89437]]>
              </value>
            </param>
          </params>
          <reporter-output>
          </reporter-output>
        </test-method> <!-- navigationHomepage -->
        <test-method status="PASS" signature="tearDown()[pri:0, instance:Academy.HomePage@63355449]" name="tearDown" is-config="true" duration-ms="207" started-at="2019-12-28T11:03:24Z" finished-at="2019-12-28T11:03:24Z">
          <reporter-output>
          </reporter-output>
        </test-method> <!-- tearDown -->
      </class> <!-- Academy.HomePage -->
    </test> <!-- Login Validation -->
    <test name="Validation Title" duration-ms="28283" started-at="2019-12-28T11:03:24Z" finished-at="2019-12-28T11:03:52Z">
      <class name="Academy.ValidateTitle">
        <test-method status="PASS" signature="intialize()[pri:0, instance:Academy.ValidateTitle@481a996b]" name="intialize" is-config="true" duration-ms="13343" started-at="2019-12-28T11:03:24Z" finished-at="2019-12-28T11:03:37Z">
          <reporter-output>
          </reporter-output>
        </test-method> <!-- intialize -->
        <test-method status="FAIL" signature="navigationHomepage()[pri:0, instance:Academy.ValidateTitle@481a996b]" name="navigationHomepage" duration-ms="598" started-at="2019-12-28T11:03:37Z" finished-at="2019-12-28T11:03:38Z">
          <exception class="java.lang.AssertionError">
            <message>
              <![CDATA[expected [true] but found [false]]]>
            </message>
            <full-stacktrace>
              <![CDATA[java.lang.AssertionError: expected [true] but found [false]
at org.testng.Assert.fail(Assert.java:96)
at org.testng.Assert.failNotEquals(Assert.java:776)
at org.testng.Assert.assertTrue(Assert.java:44)
at org.testng.Assert.assertTrue(Assert.java:54)
at Academy.ValidateTitle.navigationHomepage(ValidateTitle.java:50)
at sun.reflect.NativeMethodAccessorImpl.invoke0(Native Method)
at sun.reflect.NativeMethodAccessorImpl.invoke(NativeMethodAccessorImpl.java:62)
at sun.reflect.DelegatingMethodAccessorImpl.invoke(DelegatingMethodAccessorImpl.java:43)
at java.lang.reflect.Method.invoke(Method.java:498)
at org.testng.internal.MethodInvocationHelper.invokeMethod(MethodInvocationHelper.java:124)
at org.testng.internal.Invoker.invokeMethod(Invoker.java:583)
at org.testng.internal.Invoker.invokeTestMethod(Invoker.java:719)
at org.testng.internal.Invoker.invokeTestMethods(Invoker.java:989)
at org.testng.internal.TestMethodWorker.invokeTestMethods(TestMethodWorker.java:125)
at org.testng.internal.TestMethodWorker.run(TestMethodWorker.java:109)
at org.testng.TestRunner.privateRun(TestRunner.java:648)
at org.testng.TestRunner.run(TestRunner.java:505)
at org.testng.SuiteRunner.runTest(SuiteRunner.java:455)
at org.testng.SuiteRunner.runSequentially(SuiteRunner.java:450)
at org.testng.SuiteRunner.privateRun(SuiteRunner.java:415)
at org.testng.SuiteRunner.run(SuiteRunner.java:364)
at org.testng.SuiteRunnerWorker.runSuite(SuiteRunnerWorker.java:52)
at org.testng.SuiteRunnerWorker.run(SuiteRunnerWorker.java:84)
at org.testng.TestNG.runSuitesSequentially(TestNG.java:1208)
at org.testng.TestNG.runSuitesLocally(TestNG.java:1137)
at org.testng.TestNG.runSuites(TestNG.java:1049)
at org.testng.TestNG.run(TestNG.java:1017)
at org.apache.maven.surefire.testng.TestNGExecutor.run(TestNGExecutor.java:283)
at org.apache.maven.surefire.testng.TestNGXmlTestSuite.execute(TestNGXmlTestSuite.java:75)
at org.apache.maven.surefire.testng.TestNGProvider.invoke(TestNGProvider.java:120)
at org.apache.maven.surefire.booter.ForkedBooter.runSuitesInProcess(ForkedBooter.java:377)
at org.apache.maven.surefire.booter.ForkedBooter.execute(ForkedBooter.java:138)
at org.apache.maven.surefire.booter.ForkedBooter.run(ForkedBooter.java:465)
at org.apache.maven.surefire.booter.ForkedBooter.main(ForkedBooter.java:451)
]]>
            </full-stacktrace>
          </exception> <!-- java.lang.AssertionError -->
          <reporter-output>
          </reporter-output>
        </test-method> <!-- navigationHomepage -->
        <test-method status="PASS" signature="videos()[pri:1, instance:Academy.ValidateTitle@481a996b]" name="videos" duration-ms="11959" started-at="2019-12-28T11:03:40Z" finished-at="2019-12-28T11:03:52Z">
          <reporter-output>
          </reporter-output>
        </test-method> <!-- videos -->
        <test-method status="PASS" signature="tearDown()[pri:0, instance:Academy.ValidateTitle@481a996b]" name="tearDown" is-config="true" duration-ms="509" started-at="2019-12-28T11:03:52Z" finished-at="2019-12-28T11:03:52Z">
          <reporter-output>
          </reporter-output>
        </test-method> <!-- tearDown -->
      </class> <!-- Academy.ValidateTitle -->
    </test> <!-- Validation Title -->
    <test name="Video gallery test" duration-ms="56767" started-at="2019-12-28T11:03:52Z" finished-at="2019-12-28T11:04:49Z">
      <class name="Academy.VideoGallery_Test">
        <test-method status="PASS" signature="intialize()[pri:0, instance:Academy.VideoGallery_Test@3c407114]" name="intialize" is-config="true" duration-ms="11648" started-at="2019-12-28T11:03:52Z" finished-at="2019-12-28T11:04:04Z">
          <reporter-output>
          </reporter-output>
        </test-method> <!-- intialize -->
        <test-method status="FAIL" signature="vidiogallery()[pri:0, instance:Academy.VideoGallery_Test@3c407114]" name="vidiogallery" duration-ms="44452" started-at="2019-12-28T11:04:04Z" finished-at="2019-12-28T11:04:49Z">
          <exception class="junit.framework.ComparisonFailure">
            <message>
              <![CDATA[expected:<...> but was:<...1>]]>
            </message>
            <full-stacktrace>
              <![CDATA[junit.framework.ComparisonFailure: expected:<...> but was:<...1>
at junit.framework.Assert.assertEquals(Assert.java:81)
at junit.framework.Assert.assertEquals(Assert.java:87)
at Academy.VideoGallery_Test.vidiogallery(VideoGallery_Test.java:80)
at sun.reflect.NativeMethodAccessorImpl.invoke0(Native Method)
at sun.reflect.NativeMethodAccessorImpl.invoke(NativeMethodAccessorImpl.java:62)
at sun.reflect.DelegatingMethodAccessorImpl.invoke(DelegatingMethodAccessorImpl.java:43)
at java.lang.reflect.Method.invoke(Method.java:498)
at org.testng.internal.MethodInvocationHelper.invokeMethod(MethodInvocationHelper.java:124)
at org.testng.internal.Invoker.invokeMethod(Invoker.java:583)
at org.testng.internal.Invoker.invokeTestMethod(Invoker.java:719)
at org.testng.internal.Invoker.invokeTestMethods(Invoker.java:989)
at org.testng.internal.TestMethodWorker.invokeTestMethods(TestMethodWorker.java:125)
at org.testng.internal.TestMethodWorker.run(TestMethodWorker.java:109)
at org.testng.TestRunner.privateRun(TestRunner.java:648)
at org.testng.TestRunner.run(TestRunner.java:505)
at org.testng.SuiteRunner.runTest(SuiteRunner.java:455)
at org.testng.SuiteRunner.runSequentially(SuiteRunner.java:450)
at org.testng.SuiteRunner.privateRun(SuiteRunner.java:415)
at org.testng.SuiteRunner.run(SuiteRunner.java:364)
at org.testng.SuiteRunnerWorker.runSuite(SuiteRunnerWorker.java:52)
at org.testng.SuiteRunnerWorker.run(SuiteRunnerWorker.java:84)
at org.testng.TestNG.runSuitesSequentially(TestNG.java:1208)
at org.testng.TestNG.runSuitesLocally(TestNG.java:1137)
at org.testng.TestNG.runSuites(TestNG.java:1049)
at org.testng.TestNG.run(TestNG.java:1017)
at org.apache.maven.surefire.testng.TestNGExecutor.run(TestNGExecutor.java:283)
at org.apache.maven.surefire.testng.TestNGXmlTestSuite.execute(TestNGXmlTestSuite.java:75)
at org.apache.maven.surefire.testng.TestNGProvider.invoke(TestNGProvider.java:120)
at org.apache.maven.surefire.booter.ForkedBooter.runSuitesInProcess(ForkedBooter.java:377)
at org.apache.maven.surefire.booter.ForkedBooter.execute(ForkedBooter.java:138)
at org.apache.maven.surefire.booter.ForkedBooter.run(ForkedBooter.java:465)
at org.apache.maven.surefire.booter.ForkedBooter.main(ForkedBooter.java:451)
]]>
            </full-stacktrace>
          </exception> <!-- junit.framework.ComparisonFailure -->
          <reporter-output>
          </reporter-output>
        </test-method> <!-- vidiogallery -->
        <test-method status="PASS" signature="tearDown()[pri:0, instance:Academy.VideoGallery_Test@3c407114]" name="tearDown" is-config="true" duration-ms="143" started-at="2019-12-28T11:04:49Z" finished-at="2019-12-28T11:04:49Z">
          <reporter-output>
          </reporter-output>
        </test-method> <!-- tearDown -->
      </class> <!-- Academy.VideoGallery_Test -->
    </test> <!-- Video gallery test -->
  </suite> <!-- Suite -->
</testng-results>
